{"/Users/bruno/Documents/practicatdd/src/app.js": {"path":"/Users/bruno/Documents/practicatdd/src/app.js","statementMap":{"0":{"start":{"line":1,"column":16},"end":{"line":1,"column":34}},"1":{"start":{"line":3,"column":12},"end":{"line":3,"column":21}},"2":{"start":{"line":4,"column":0},"end":{"line":4,"column":24}},"3":{"start":{"line":6,"column":0},"end":{"line":18,"column":3}},"4":{"start":{"line":7,"column":4},"end":{"line":17,"column":8}},"5":{"start":{"line":20,"column":0},"end":{"line":28,"column":2}},"6":{"start":{"line":21,"column":15},"end":{"line":21,"column":23}},"7":{"start":{"line":22,"column":20},"end":{"line":22,"column":49}},"8":{"start":{"line":23,"column":21},"end":{"line":23,"column":51}},"9":{"start":{"line":24,"column":26},"end":{"line":24,"column":62}},"10":{"start":{"line":25,"column":16},"end":{"line":25,"column":58}},"11":{"start":{"line":27,"column":4},"end":{"line":27,"column":54}},"12":{"start":{"line":30,"column":0},"end":{"line":30,"column":21}}},"fnMap":{"0":{"name":"(anonymous_0)","decl":{"start":{"line":6,"column":20},"end":{"line":6,"column":21}},"loc":{"start":{"line":6,"column":32},"end":{"line":18,"column":1}},"line":6},"1":{"name":"(anonymous_1)","decl":{"start":{"line":20,"column":25},"end":{"line":20,"column":26}},"loc":{"start":{"line":20,"column":37},"end":{"line":28,"column":1}},"line":20}},"branchMap":{"0":{"loc":{"start":{"line":25,"column":16},"end":{"line":25,"column":58}},"type":"binary-expr","locations":[{"start":{"line":25,"column":16},"end":{"line":25,"column":25}},{"start":{"line":25,"column":29},"end":{"line":25,"column":39}},{"start":{"line":25,"column":43},"end":{"line":25,"column":58}}],"line":25},"1":{"loc":{"start":{"line":27,"column":4},"end":{"line":27,"column":53}},"type":"cond-expr","locations":[{"start":{"line":27,"column":12},"end":{"line":27,"column":31}},{"start":{"line":27,"column":34},"end":{"line":27,"column":53}}],"line":27}},"s":{"0":1,"1":1,"2":1,"3":1,"4":4,"5":1,"6":2,"7":2,"8":2,"9":2,"10":2,"11":2,"12":1},"f":{"0":4,"1":2},"b":{"0":[2,1,1],"1":[1,1]},"_coverageSchema":"1a1c01bbd47fc00a2c39e90264f33305004495a9","hash":"049db46e784c25657ebb14f76fd38921f3a9950e"}
}
